# JRE version: OpenJDK Runtime Environment (8.0_242-b01) (build 1.8.0_242-release-1644-b01)
# Java VM: OpenJDK 64-Bit Server VM (25.242-b01 mixed mode windows-amd64 compressed oops)
Heap:
 PSYoungGen      total 611840K, used 69915K [0x00000000d5580000, 0x0000000100000000, 0x0000000100000000)
  eden space 540160K, 2% used [0x00000000d5580000,0x00000000d630abb8,0x00000000f6500000)
  from space 71680K, 78% used [0x00000000fb700000,0x00000000fedbc2d8,0x00000000ffd00000)
  to   space 79360K, 0% used [0x00000000f6500000,0x00000000f6500000,0x00000000fb280000)
 ParOldGen       total 253440K, used 89833K [0x0000000080000000, 0x000000008f780000, 0x00000000d5580000)
  object space 253440K, 35% used [0x0000000080000000,0x00000000857ba668,0x000000008f780000)
 Metaspace       used 136117K, capacity 142148K, committed 144460K, reserved 1175552K
  class space    used 17558K, capacity 18786K, committed 19316K, reserved 1048576K
GC Heap History (10 events):
Event: 18952.791 GC heap before
{Heap before GC invocations=38 (full 5):
 PSYoungGen      total 610816K, used 543581K [0x00000000d5580000, 0x00000000ffa00000, 0x0000000100000000)
  eden space 534016K, 100% used [0x00000000d5580000,0x00000000f5f00000,0x00000000f5f00000)
  from space 76800K, 12% used [0x00000000faf00000,0x00000000fb857690,0x00000000ffa00000)
  to   space 79360K, 0% used [0x00000000f5f00000,0x00000000f5f00000,0x00000000fac80000)
 ParOldGen       total 164352K, used 132685K [0x0000000080000000, 0x000000008a080000, 0x00000000d5580000)
  object space 164352K, 80% used [0x0000000080000000,0x0000000088193410,0x000000008a080000)
 Metaspace       used 135264K, capacity 141066K, committed 143948K, reserved 1173504K
  class space    used 17457K, capacity 18657K, committed 19316K, reserved 1048576K
Event: 18952.940 GC heap after
Heap after GC invocations=38 (full 5):
 PSYoungGen      total 613376K, used 16222K [0x00000000d5580000, 0x00000000ffb80000, 0x0000000100000000)
  eden space 534016K, 0% used [0x00000000d5580000,0x00000000d5580000,0x00000000f5f00000)
  from space 79360K, 20% used [0x00000000f5f00000,0x00000000f6ed7a48,0x00000000fac80000)
  to   space 75776K, 0% used [0x00000000fb180000,0x00000000fb180000,0x00000000ffb80000)
 ParOldGen       total 164352K, used 135552K [0x0000000080000000, 0x000000008a080000, 0x00000000d5580000)
  object space 164352K, 82% used [0x0000000080000000,0x0000000088460350,0x000000008a080000)
 Metaspace       used 135264K, capacity 141066K, committed 143948K, reserved 1173504K
  class space    used 17457K, capacity 18657K, committed 19316K, reserved 1048576K
}
Event: 18955.500 GC heap before
{Heap before GC invocations=39 (full 5):
 PSYoungGen      total 613376K, used 550238K [0x00000000d5580000, 0x00000000ffb80000, 0x0000000100000000)
  eden space 534016K, 100% used [0x00000000d5580000,0x00000000f5f00000,0x00000000f5f00000)
  from space 79360K, 20% used [0x00000000f5f00000,0x00000000f6ed7a48,0x00000000fac80000)
  to   space 75776K, 0% used [0x00000000fb180000,0x00000000fb180000,0x00000000ffb80000)
 ParOldGen       total 164352K, used 135552K [0x0000000080000000, 0x000000008a080000, 0x00000000d5580000)
  object space 164352K, 82% used [0x0000000080000000,0x0000000088460350,0x000000008a080000)
 Metaspace       used 135277K, capacity 141130K, committed 143948K, reserved 1173504K
  class space    used 17458K, capacity 18657K, committed 19316K, reserved 1048576K
Event: 18955.554 GC heap after
Heap after GC invocations=39 (full 5):
 PSYoungGen      total 616448K, used 5056K [0x00000000d5580000, 0x00000000ff880000, 0x0000000100000000)
  eden space 543744K, 0% used [0x00000000d5580000,0x00000000d5580000,0x00000000f6880000)
  from space 72704K, 6% used [0x00000000fb180000,0x00000000fb670198,0x00000000ff880000)
  to   space 73728K, 0% used [0x00000000f6880000,0x00000000f6880000,0x00000000fb080000)
 ParOldGen       total 164352K, used 148028K [0x0000000080000000, 0x000000008a080000, 0x00000000d5580000)
  object space 164352K, 90% used [0x0000000080000000,0x000000008908f070,0x000000008a080000)
 Metaspace       used 135277K, capacity 141130K, committed 143948K, reserved 1173504K
  class space    used 17458K, capacity 18657K, committed 19316K, reserved 1048576K
}
Event: 18955.554 GC heap before
{Heap before GC invocations=40 (full 6):
 PSYoungGen      total 616448K, used 5056K [0x00000000d5580000, 0x00000000ff880000, 0x0000000100000000)
  eden space 543744K, 0% used [0x00000000d5580000,0x00000000d5580000,0x00000000f6880000)
  from space 72704K, 6% used [0x00000000fb180000,0x00000000fb670198,0x00000000ff880000)
  to   space 73728K, 0% used [0x00000000f6880000,0x00000000f6880000,0x00000000fb080000)
 ParOldGen       total 164352K, used 148028K [0x0000000080000000, 0x000000008a080000, 0x00000000d5580000)
  object space 164352K, 90% used [0x0000000080000000,0x000000008908f070,0x000000008a080000)
 Metaspace       used 135277K, capacity 141130K, committed 143948K, reserved 1173504K
  class space    used 17458K, capacity 18657K, committed 19316K, reserved 1048576K
Event: 18959.327 GC heap after
Heap after GC invocations=40 (full 6):
 PSYoungGen      total 616448K, used 0K [0x00000000d5580000, 0x00000000ff880000, 0x0000000100000000)
  eden space 543744K, 0% used [0x00000000d5580000,0x00000000d5580000,0x00000000f6880000)
  from space 72704K, 0% used [0x00000000fb180000,0x00000000fb180000,0x00000000ff880000)
  to   space 73728K, 0% used [0x00000000f6880000,0x00000000f6880000,0x00000000fb080000)
 ParOldGen       total 253440K, used 89817K [0x0000000080000000, 0x000000008f780000, 0x00000000d5580000)
  object space 253440K, 35% used [0x0000000080000000,0x00000000857b6668,0x000000008f780000)
 Metaspace       used 135266K, capacity 141112K, committed 143948K, reserved 1173504K
  class space    used 17456K, capacity 18654K, committed 19316K, reserved 1048576K
}
Event: 18966.336 GC heap before
{Heap before GC invocations=41 (full 6):
 PSYoungGen      total 616448K, used 543744K [0x00000000d5580000, 0x00000000ff880000, 0x0000000100000000)
  eden space 543744K, 100% used [0x00000000d5580000,0x00000000f6880000,0x00000000f6880000)
  from space 72704K, 0% used [0x00000000fb180000,0x00000000fb180000,0x00000000ff880000)
  to   space 73728K, 0% used [0x00000000f6880000,0x00000000f6880000,0x00000000fb080000)
 ParOldGen       total 253440K, used 89817K [0x0000000080000000, 0x000000008f780000, 0x00000000d5580000)
  object space 253440K, 35% used [0x0000000080000000,0x00000000857b6668,0x000000008f780000)
 Metaspace       used 135304K, capacity 141154K, committed 143948K, reserved 1173504K
  class space    used 17462K, capacity 18661K, committed 19316K, reserved 1048576K
Event: 18966.487 GC heap after
Heap after GC invocations=41 (full 6):
 PSYoungGen      total 617472K, used 6650K [0x00000000d5580000, 0x00000000ffd00000, 0x0000000100000000)
  eden space 543744K, 0% used [0x00000000d5580000,0x00000000d5580000,0x00000000f6880000)
  from space 73728K, 9% used [0x00000000f6880000,0x00000000f6efeb58,0x00000000fb080000)
  to   space 71680K, 0% used [0x00000000fb700000,0x00000000fb700000,0x00000000ffd00000)
 ParOldGen       total 253440K, used 89825K [0x0000000080000000, 0x000000008f780000, 0x00000000d5580000)
  object space 253440K, 35% used [0x0000000080000000,0x00000000857b8668,0x000000008f780000)
 Metaspace       used 135304K, capacity 141154K, committed 143948K, reserved 1173504K
  class space    used 17462K, capacity 18661K, committed 19316K, reserved 1048576K
}
Event: 18974.912 GC heap before
{Heap before GC invocations=42 (full 6):
 PSYoungGen      total 617472K, used 550394K [0x00000000d5580000, 0x00000000ffd00000, 0x0000000100000000)
  eden space 543744K, 100% used [0x00000000d5580000,0x00000000f6880000,0x00000000f6880000)
  from space 73728K, 9% used [0x00000000f6880000,0x00000000f6efeb58,0x00000000fb080000)
  to   space 71680K, 0% used [0x00000000fb700000,0x00000000fb700000,0x00000000ffd00000)
 ParOldGen       total 253440K, used 89825K [0x0000000080000000, 0x000000008f780000, 0x00000000d5580000)
  object space 253440K, 35% used [0x0000000080000000,0x00000000857b8668,0x000000008f780000)
 Metaspace       used 136116K, capacity 142148K, committed 144460K, reserved 1175552K
  class space    used 17558K, capacity 18786K, committed 19316K, reserved 1048576K
Event: 18975.162 GC heap after
Heap after GC invocations=42 (full 6):
 PSYoungGen      total 611840K, used 56048K [0x00000000d5580000, 0x0000000100000000, 0x0000000100000000)
  eden space 540160K, 0% used [0x00000000d5580000,0x00000000d5580000,0x00000000f6500000)
  from space 71680K, 78% used [0x00000000fb700000,0x00000000fedbc2d8,0x00000000ffd00000)
  to   space 79360K, 0% used [0x00000000f6500000,0x00000000f6500000,0x00000000fb280000)
 ParOldGen       total 253440K, used 89833K [0x0000000080000000, 0x000000008f780000, 0x00000000d5580000)
  object space 253440K, 35% used [0x0000000080000000,0x00000000857ba668,0x000000008f780000)
 Metaspace       used 136116K, capacity 142148K, committed 144460K, reserved 1175552K
  class space    used 17558K, capacity 18786K, committed 19316K, reserved 1048576K
}

